[2026-01-27 12:17:48] [INFO] 🚀 Bot started - PAPER TRADING
[2026-01-27 12:17:48] [INFO] Monitoring: LINK/USD, SOL/USD, XRP/USD, BTC/USD, ETH/USD
[2026-01-27 12:25:49] [INFO] 🚀 Bot started - PAPER TRADING
[2026-01-27 12:25:49] [INFO] Monitoring: LINK/USD, SOL/USD, XRP/USD, BTC/USD, ETH/USD
[2026-01-27 12:28:21] [INFO] 🛑 Bot stopped
[2026-01-27 12:28:24] [INFO] 🚀 Bot started - PAPER TRADING
[2026-01-27 12:28:24] [INFO] Monitoring: LINK/USD, SOL/USD, XRP/USD, BTC/USD, ETH/USD
[2026-01-27 12:41:32] [INFO] 🚀 Bot started - PAPER TRADING
[2026-01-27 12:41:32] [INFO] Monitoring: LINK/USD, SOL/USD, XRP/USD
[2026-01-27 12:46:37] [INFO] 🚀 Bot started - PAPER TRADING
[2026-01-27 12:46:37] [INFO] Monitoring: LINK/USD, SOL/USD, XRP/USD
[2026-01-27 12:58:24] [INFO] 🛑 Bot stopped
[2026-01-27 12:58:36] [INFO] 🚀 Bot started - PAPER TRADING
[2026-01-27 12:58:36] [INFO] Monitoring: LINK/USD, SOL/USD, XRP/USD, ETH/USD
[2026-01-27 14:13:52] [INFO] 🚀 Bot started - PAPER TRADING
[2026-01-27 14:13:52] [INFO] Monitoring: LINK/USD, SOL/USD
[2026-01-27 14:19:42] [INFO] 🛑 Bot stopped
[2026-01-27 14:20:58] [INFO] 🚀 Bot started - PAPER TRADING
[2026-01-27 14:20:58] [INFO] Monitoring: LINK/USD, SOL/USD
[2026-01-27 14:22:46] [INFO] 🛑 Bot stopped
[2026-01-27 14:30:40] [INFO] 🚀 Bot started - PAPER TRADING
[2026-01-27 14:30:40] [INFO] Monitoring: LINK/USD, SOL/USD
[2026-01-27 14:45:37] [INFO] 🛑 Bot stopped
[2026-01-27 14:45:39] [WARNING] 🚀 Bot started - PAPER TRADING
[2026-01-27 14:45:40] [WARNING] Monitoring: LINK/USD, SOL/USD
[2026-01-27 14:50:10] [WARNING] 🛑 Bot stopped
[2026-01-27 14:52:16] [WARNING] 🚀 Bot started - PAPER TRADING
[2026-01-27 14:52:16] [WARNING] Monitoring: LINK/USD
[2026-01-27 14:54:55] [WARNING] 🛑 Bot stopped
[2026-01-27 14:55:01] [WARNING] 🚀 Bot started - PAPER TRADING
[2026-01-27 14:55:01] [WARNING] Monitoring: LINK/USD, SOL/USD, XRP/USD, BTC/USD, ETH/USD
[2026-01-27 15:07:07] [WARNING] 🛑 Bot stopped
[2026-01-27 16:05:36] [WARNING] 🚀 Bot started - PAPER TRADING
[2026-01-27 16:05:37] [WARNING] Monitoring: LINK/USD, SOL/USD, ETH/USD
[2026-01-31 23:15:43] [WARNING] 🚀 Bot started - PAPER TRADING
[2026-01-31 23:15:43] [WARNING] Monitoring: LINK/USD, SOL/USD, ETH/USD
[2026-01-31 23:15:44] [WARNING] Strategies: BREAKOUT, MEAN_REV, HYDRA
